21:37:01.542 [main] INFO com.pulsebeat02.main.util.logging.Logger - C:\ShoeRaffleService\Coppers-Odds-Shoe-Raffle-Service-master
21:37:01.544 [main] INFO com.pulsebeat02.main.util.logging.Logger - C:\Users\Brandon Li
com.pulsebeat02.main.util.JSON.Shoes@63d4e2ba
Ran
21:37:01.629 [main] INFO com.pulsebeat02.main.util.logging.Logger - Program Loading
21:37:01.630 [main] DEBUG com.pulsebeat02.main.util.logging.Logger - This Will Be Printed On Debug
21:37:01.630 [main] INFO com.pulsebeat02.main.util.logging.Logger - This Will Be Printed On Info
21:37:01.630 [main] WARN com.pulsebeat02.main.util.logging.Logger - This Will Be Printed On Warn
21:37:01.630 [main] ERROR com.pulsebeat02.main.util.logging.Logger - This Will Be Printed On Error
21:37:01.630 [main] ERROR com.pulsebeat02.main.util.logging.Logger - This Will Be Printed On Fatal
21:37:01.630 [main] INFO com.pulsebeat02.main.util.logging.Logger - Appending string: {}.
21:37:01.630 [main] INFO com.pulsebeat02.main.util.logging.Logger - Logger has Loaded
21:37:01.630 [main] INFO com.pulsebeat02.main.util.logging.Logger - Reading File
21:37:01.631 [main] INFO com.pulsebeat02.main.util.logging.Logger - Reading File
21:37:01.631 [main] INFO com.pulsebeat02.main.util.logging.Logger - Reading Line: 0
21:37:01.631 [main] INFO com.pulsebeat02.main.util.logging.Logger - Getting Info
21:37:02.111 [main] INFO com.pulsebeat02.main.util.logging.Logger - New Account Made
21:37:02.111 [main] INFO com.pulsebeat02.main.util.logging.Logger - Created Account: 0
21:37:02.114 [main] INFO com.pulsebeat02.main.util.logging.Logger - Loading Payments
21:37:02.115 [main] INFO com.pulsebeat02.main.util.logging.Logger - Reading Line: 0
21:37:02.115 [main] INFO com.pulsebeat02.main.util.logging.Logger - Getting Info
21:37:02.116 [main] INFO com.pulsebeat02.main.util.logging.Logger - Getting Rid of Blank Lines
21:37:02.117 [main] INFO com.pulsebeat02.main.util.logging.Logger - 0 blank lines found
21:37:02.117 [main] INFO com.pulsebeat02.main.util.logging.Logger - Saving
21:37:02.117 [main] INFO com.pulsebeat02.main.util.logging.Logger - Printing to File
21:37:02.117 [main] INFO com.pulsebeat02.main.util.logging.Logger - Made New Account: PulseBeat_02,firstName,lastName,troller1,2020/05/18,brandonli2006ma@gmail.com,0,0,0 0 0,false,180731556900286,137f634c-9fb7-4dd9-a0b1-dc90f8bc7595,Type About Your Self,3
21:37:02.119 [main] INFO com.pulsebeat02.main.util.logging.Logger - Reading File
21:37:02.119 [main] INFO com.pulsebeat02.main.util.logging.Logger - Reading Line: 0
21:37:02.119 [main] INFO com.pulsebeat02.main.util.logging.Logger - Getting Info
21:37:02.310 [main] INFO com.pulsebeat02.main.util.logging.Logger - New Account Made
21:37:02.310 [main] INFO com.pulsebeat02.main.util.logging.Logger - Created Account: 0
21:37:02.311 [main] INFO com.pulsebeat02.main.util.logging.Logger - Created Payment: 0
21:37:02.311 [main] INFO com.pulsebeat02.main.util.logging.Logger - Running Network Test
21:37:02.311 [main] INFO com.pulsebeat02.main.util.logging.Logger - Pinging Bing
Connection Good
21:37:03.473 [main] INFO com.pulsebeat02.main.util.logging.Logger - Reading File
21:37:03.474 [main] INFO com.pulsebeat02.main.util.logging.Logger - Reading Line: 0
21:37:03.474 [main] INFO com.pulsebeat02.main.util.logging.Logger - Getting Info
21:37:03.681 [main] INFO com.pulsebeat02.main.util.logging.Logger - New Account Made
21:37:03.682 [main] INFO com.pulsebeat02.main.util.logging.Logger - Created Account: 0
21:37:03.682 [main] INFO com.pulsebeat02.main.util.logging.Logger - Opening Login Panel
21:37:03.694 [main] INFO com.pulsebeat02.main.util.logging.Logger - Window Loaded In
21:37:03.854 [main] INFO com.pulsebeat02.main.util.logging.Logger - User Kept Login
21:37:03.855 [main] INFO com.pulsebeat02.main.util.logging.Logger - Network Connection Stable
22:12:02.340 [AWT-EventQueue-0] INFO com.pulsebeat02.main.util.logging.Logger - Closing Window
